[debug] [2020-07-19T22:15:40.798Z] ----------------------------------------------------------------------
[debug] [2020-07-19T22:15:40.800Z] Command:       C:\Program Files\nodejs\node.exe C:\Program Files\nodejs\node_modules\firebase-tools\lib\bin\firebase.js emulators:start --only functions
[debug] [2020-07-19T22:15:40.801Z] CLI Version:   8.6.0
[debug] [2020-07-19T22:15:40.801Z] Platform:      win32
[debug] [2020-07-19T22:15:40.801Z] Node Version:  v12.18.2
[debug] [2020-07-19T22:15:40.805Z] Time:          Sun Jul 19 2020 17:15:40 GMT-0500 (GMT-05:00)
[debug] [2020-07-19T22:15:40.805Z] ----------------------------------------------------------------------
[debug] [2020-07-19T22:15:40.805Z] 
[debug] [2020-07-19T22:15:40.815Z] > command requires scopes: ["email","openid","https://www.googleapis.com/auth/cloudplatformprojects.readonly","https://www.googleapis.com/auth/firebase","https://www.googleapis.com/auth/cloud-platform"]
[debug] [2020-07-19T22:15:40.816Z] > authorizing via signed-in user
[info] i  emulators: Starting emulators: functions {"metadata":{"emulator":{"name":"hub"},"message":"Starting emulators: functions"}}
[debug] [2020-07-19T22:15:43.017Z] [hub] writing locator at C:\Users\jccari\AppData\Local\Temp\hub-fastfinduserapp.json
[debug] [2020-07-19T22:15:45.034Z] defaultcredentials: writing to file C:\Users\jccari\AppData\Roaming\firebase\jhoelccari_23_gmail.com_application_default_credentials.json
[debug] [2020-07-19T22:15:45.035Z] Setting GAC to C:\Users\jccari\AppData\Roaming\firebase\jhoelccari_23_gmail.com_application_default_credentials.json {"metadata":{"emulator":{"name":"functions"},"message":"Setting GAC to C:\\Users\\jccari\\AppData\\Roaming\\firebase\\jhoelccari_23_gmail.com_application_default_credentials.json"}}
[warn] !  functions: The following emulators are not running, calls to these services from the Functions emulator will affect production: firestore, database, hosting, pubsub {"metadata":{"emulator":{"name":"functions"},"message":"The following emulators are not running, calls to these services from the Functions emulator will affect production: \u001b[1mfirestore, database, hosting, pubsub\u001b[22m"}}
[warn] !  Your requested "node" version "10" doesn't match your global version "12" {"metadata":{"emulator":{"name":"functions"},"message":"Your requested \"node\" version \"10\" doesn't match your global version \"12\""}}
[info] i  ui: downloading ui-v1.1.1.zip... {"metadata":{"emulator":{"name":"ui"},"message":"downloading ui-v1.1.1.zip..."}}
[debug] [2020-07-19T22:15:52.733Z] Ignoring unsupported arg: auto_download {"metadata":{"emulator":{"name":"ui"},"message":"Ignoring unsupported arg: auto_download"}}
[debug] [2020-07-19T22:15:52.733Z] Ignoring unsupported arg: port {"metadata":{"emulator":{"name":"ui"},"message":"Ignoring unsupported arg: port"}}
[debug] [2020-07-19T22:15:52.733Z] Starting Emulator UI with command {"binary":"node","args":["C:\\Users\\jccari\\.cache\\firebase\\emulators\\ui-v1.1.1\\server.bundle.js"],"optionalArgs":[],"joinArgs":false} {"metadata":{"emulator":{"name":"ui"},"message":"Starting Emulator UI with command {\"binary\":\"node\",\"args\":[\"C:\\\\Users\\\\jccari\\\\.cache\\\\firebase\\\\emulators\\\\ui-v1.1.1\\\\server.bundle.js\"],\"optionalArgs\":[],\"joinArgs\":false}"}}
[info] i  ui: Emulator UI logging to ui-debug.log {"metadata":{"emulator":{"name":"ui"},"message":"Emulator UI logging to \u001b[1mui-debug.log\u001b[22m"}}
[debug] [2020-07-19T22:15:52.863Z] Web / API server started at http://localhost:4000
 {"metadata":{"emulator":{"name":"ui"},"message":"Web / API server started at http://localhost:4000\n"}}
[info] i  functions: Watching "C:\Users\jccari\Desktop\code\FastFindUserApp\functions" for Cloud Functions... {"metadata":{"emulator":{"name":"functions"},"message":"Watching \"C:\\Users\\jccari\\Desktop\\code\\FastFindUserApp\\functions\" for Cloud Functions..."}}
[debug] [2020-07-19T22:15:53.291Z] [worker-pool] addWorker(~diagnostic~) {"metadata":{"emulator":{"name":"functions"},"message":"[worker-pool] addWorker(~diagnostic~)"}}
[debug] [2020-07-19T22:15:53.291Z] [worker-pool] Adding worker with key ~diagnostic~, total=1 {"metadata":{"emulator":{"name":"functions"},"message":"[worker-pool] Adding worker with key ~diagnostic~, total=1"}}
[debug] [2020-07-19T22:15:53.291Z] [worker-pool] submitWork(triggerId=) {"metadata":{"emulator":{"name":"functions"},"message":"[worker-pool] submitWork(triggerId=)"}}
[debug] [2020-07-19T22:15:53.292Z] [worker-~diagnostic~-45e0746e-654c-4b0b-b547-908591cd48df]: Assigning socketPath: \\?\pipe\C:\Users\jccari\Desktop\code\FastFindUserApp\functions\9112 {"metadata":{"emulator":{"name":"functions"},"message":"[worker-~diagnostic~-45e0746e-654c-4b0b-b547-908591cd48df]: Assigning socketPath: \\\\?\\pipe\\C:\\Users\\jccari\\Desktop\\code\\FastFindUserApp\\functions\\9112"}}
[debug] [2020-07-19T22:15:53.292Z] [worker-~diagnostic~-45e0746e-654c-4b0b-b547-908591cd48df]: BUSY {"metadata":{"emulator":{"name":"functions"},"message":"[worker-~diagnostic~-45e0746e-654c-4b0b-b547-908591cd48df]: BUSY"}}
[debug] [2020-07-19T22:15:53.872Z] [runtime-status] [9112] Functions runtime initialized. {"cwd":"C:\\Users\\jccari\\Desktop\\code\\FastFindUserApp\\functions","node_version":"12.18.2"} {"metadata":{"emulator":{"name":"functions"},"message":"[runtime-status] [9112] Functions runtime initialized. {\"cwd\":\"C:\\\\Users\\\\jccari\\\\Desktop\\\\code\\\\FastFindUserApp\\\\functions\",\"node_version\":\"12.18.2\"}"}}
[debug] [2020-07-19T22:15:53.873Z] [runtime-status] [9112] Disabled runtime features: undefined {"metadata":{"emulator":{"name":"functions"},"message":"[runtime-status] [9112] Disabled runtime features: undefined"}}
[debug] [2020-07-19T22:15:53.880Z] [runtime-status] [9112] Resolved module firebase-admin {"declared":true,"installed":true,"version":"8.13.0","resolution":"C:\\Users\\jccari\\Desktop\\code\\FastFindUserApp\\functions\\node_modules\\firebase-admin\\lib\\index.js"} {"metadata":{"emulator":{"name":"functions"},"message":"[runtime-status] [9112] Resolved module firebase-admin {\"declared\":true,\"installed\":true,\"version\":\"8.13.0\",\"resolution\":\"C:\\\\Users\\\\jccari\\\\Desktop\\\\code\\\\FastFindUserApp\\\\functions\\\\node_modules\\\\firebase-admin\\\\lib\\\\index.js\"}"}}
[debug] [2020-07-19T22:15:53.881Z] [runtime-status] [9112] Resolved module firebase-functions {"declared":true,"installed":true,"version":"3.8.0","resolution":"C:\\Users\\jccari\\Desktop\\code\\FastFindUserApp\\functions\\node_modules\\firebase-functions\\lib\\index.js"} {"metadata":{"emulator":{"name":"functions"},"message":"[runtime-status] [9112] Resolved module firebase-functions {\"declared\":true,\"installed\":true,\"version\":\"3.8.0\",\"resolution\":\"C:\\\\Users\\\\jccari\\\\Desktop\\\\code\\\\FastFindUserApp\\\\functions\\\\node_modules\\\\firebase-functions\\\\lib\\\\index.js\"}"}}
[debug] [2020-07-19T22:15:53.882Z] [runtime-status] [9112] Resolved module firebase-functions {"declared":true,"installed":true,"version":"3.8.0","resolution":"C:\\Users\\jccari\\Desktop\\code\\FastFindUserApp\\functions\\node_modules\\firebase-functions\\lib\\index.js"} {"metadata":{"emulator":{"name":"functions"},"message":"[runtime-status] [9112] Resolved module firebase-functions {\"declared\":true,\"installed\":true,\"version\":\"3.8.0\",\"resolution\":\"C:\\\\Users\\\\jccari\\\\Desktop\\\\code\\\\FastFindUserApp\\\\functions\\\\node_modules\\\\firebase-functions\\\\lib\\\\index.js\"}"}}
[debug] [2020-07-19T22:15:53.884Z] [runtime-status] [9112] Outgoing network have been stubbed. [{"name":"http","status":"mocked"},{"name":"http","status":"mocked"},{"name":"https","status":"mocked"},{"name":"https","status":"mocked"},{"name":"net","status":"mocked"}] {"metadata":{"emulator":{"name":"functions"},"message":"[runtime-status] [9112] Outgoing network have been stubbed. [{\"name\":\"http\",\"status\":\"mocked\"},{\"name\":\"http\",\"status\":\"mocked\"},{\"name\":\"https\",\"status\":\"mocked\"},{\"name\":\"https\",\"status\":\"mocked\"},{\"name\":\"net\",\"status\":\"mocked\"}]"}}
[debug] [2020-07-19T22:15:53.884Z] [runtime-status] [9112] Resolved module firebase-functions {"declared":true,"installed":true,"version":"3.8.0","resolution":"C:\\Users\\jccari\\Desktop\\code\\FastFindUserApp\\functions\\node_modules\\firebase-functions\\lib\\index.js"} {"metadata":{"emulator":{"name":"functions"},"message":"[runtime-status] [9112] Resolved module firebase-functions {\"declared\":true,\"installed\":true,\"version\":\"3.8.0\",\"resolution\":\"C:\\\\Users\\\\jccari\\\\Desktop\\\\code\\\\FastFindUserApp\\\\functions\\\\node_modules\\\\firebase-functions\\\\lib\\\\index.js\"}"}}
[debug] [2020-07-19T22:15:54.078Z] [runtime-status] [9112] Checked functions.config() {"config":{}} {"metadata":{"emulator":{"name":"functions"},"message":"[runtime-status] [9112] Checked functions.config() {\"config\":{}}"}}
[debug] [2020-07-19T22:15:54.079Z] [runtime-status] [9112] firebase-functions has been stubbed. {"functionsResolution":{"declared":true,"installed":true,"version":"3.8.0","resolution":"C:\\Users\\jccari\\Desktop\\code\\FastFindUserApp\\functions\\node_modules\\firebase-functions\\lib\\index.js"}} {"metadata":{"emulator":{"name":"functions"},"message":"[runtime-status] [9112] firebase-functions has been stubbed. {\"functionsResolution\":{\"declared\":true,\"installed\":true,\"version\":\"3.8.0\",\"resolution\":\"C:\\\\Users\\\\jccari\\\\Desktop\\\\code\\\\FastFindUserApp\\\\functions\\\\node_modules\\\\firebase-functions\\\\lib\\\\index.js\"}}"}}
[debug] [2020-07-19T22:15:54.079Z] [runtime-status] [9112] Resolved module firebase-functions {"declared":true,"installed":true,"version":"3.8.0","resolution":"C:\\Users\\jccari\\Desktop\\code\\FastFindUserApp\\functions\\node_modules\\firebase-functions\\lib\\index.js"} {"metadata":{"emulator":{"name":"functions"},"message":"[runtime-status] [9112] Resolved module firebase-functions {\"declared\":true,\"installed\":true,\"version\":\"3.8.0\",\"resolution\":\"C:\\\\Users\\\\jccari\\\\Desktop\\\\code\\\\FastFindUserApp\\\\functions\\\\node_modules\\\\firebase-functions\\\\lib\\\\index.js\"}"}}
[debug] [2020-07-19T22:15:54.081Z] [runtime-status] [9112] Resolved module firebase-admin {"declared":true,"installed":true,"version":"8.13.0","resolution":"C:\\Users\\jccari\\Desktop\\code\\FastFindUserApp\\functions\\node_modules\\firebase-admin\\lib\\index.js"} {"metadata":{"emulator":{"name":"functions"},"message":"[runtime-status] [9112] Resolved module firebase-admin {\"declared\":true,\"installed\":true,\"version\":\"8.13.0\",\"resolution\":\"C:\\\\Users\\\\jccari\\\\Desktop\\\\code\\\\FastFindUserApp\\\\functions\\\\node_modules\\\\firebase-admin\\\\lib\\\\index.js\"}"}}
[debug] [2020-07-19T22:15:54.081Z] [runtime-status] [9112] Resolved module firebase-functions {"declared":true,"installed":true,"version":"3.8.0","resolution":"C:\\Users\\jccari\\Desktop\\code\\FastFindUserApp\\functions\\node_modules\\firebase-functions\\lib\\index.js"} {"metadata":{"emulator":{"name":"functions"},"message":"[runtime-status] [9112] Resolved module firebase-functions {\"declared\":true,\"installed\":true,\"version\":\"3.8.0\",\"resolution\":\"C:\\\\Users\\\\jccari\\\\Desktop\\\\code\\\\FastFindUserApp\\\\functions\\\\node_modules\\\\firebase-functions\\\\lib\\\\index.js\"}"}}
[debug] [2020-07-19T22:15:54.082Z] [runtime-status] [9112] firebase-admin has been stubbed. {"adminResolution":{"declared":true,"installed":true,"version":"8.13.0","resolution":"C:\\Users\\jccari\\Desktop\\code\\FastFindUserApp\\functions\\node_modules\\firebase-admin\\lib\\index.js"}} {"metadata":{"emulator":{"name":"functions"},"message":"[runtime-status] [9112] firebase-admin has been stubbed. {\"adminResolution\":{\"declared\":true,\"installed\":true,\"version\":\"8.13.0\",\"resolution\":\"C:\\\\Users\\\\jccari\\\\Desktop\\\\code\\\\FastFindUserApp\\\\functions\\\\node_modules\\\\firebase-admin\\\\lib\\\\index.js\"}}"}}
[info] +  functions[helloWorld]: http function initialized (http://localhost:5001/fastfinduserapp/us-central1/helloWorld). {"metadata":{"emulator":{"name":"functions"},"message":"\u001b[1mhttp\u001b[22m function initialized (http://localhost:5001/fastfinduserapp/us-central1/helloWorld)."}}
[info] 
┌───────────────────────────────────────────────────────────────────────┐
│ ✔  All emulators ready! View status and logs at http://localhost:4000 │
└───────────────────────────────────────────────────────────────────────┘

┌───────────┬────────────────┬─────────────────────────────────┐
│ Emulator  │ Host:Port      │ View in Emulator UI             │
├───────────┼────────────────┼─────────────────────────────────┤
│ Functions │ localhost:5001 │ http://localhost:4000/functions │
└───────────┴────────────────┴─────────────────────────────────┘
  Other reserved ports: 4400, 4500

Issues? Report them at https://github.com/firebase/firebase-tools/issues and attach the *-debug.log files.
 
[debug] [2020-07-19T22:15:54.131Z] [worker-~diagnostic~-45e0746e-654c-4b0b-b547-908591cd48df]: IDLE {"metadata":{"emulator":{"name":"functions"},"message":"[worker-~diagnostic~-45e0746e-654c-4b0b-b547-908591cd48df]: IDLE"}}
[debug] [2020-07-19T22:16:23.312Z] [work-queue] {"queueLength":1,"workRunningCount":0}
[debug] [2020-07-19T22:16:23.312Z] [work-queue] {"queueLength":0,"workRunningCount":1}
[debug] [2020-07-19T22:16:23.313Z] Accepted request GET /fastfinduserapp/us-central1/helloWorld --> helloWorld
[debug] [2020-07-19T22:16:23.322Z] [worker-pool] addWorker(helloWorld) {"metadata":{"emulator":{"name":"functions"},"message":"[worker-pool] addWorker(helloWorld)"}}
[debug] [2020-07-19T22:16:23.323Z] [worker-pool] Adding worker with key helloWorld, total=1 {"metadata":{"emulator":{"name":"functions"},"message":"[worker-pool] Adding worker with key helloWorld, total=1"}}
[debug] [2020-07-19T22:16:23.323Z] [worker-pool] submitWork(triggerId=helloWorld) {"metadata":{"emulator":{"name":"functions"},"message":"[worker-pool] submitWork(triggerId=helloWorld)"}}
[debug] [2020-07-19T22:16:23.323Z] [worker-helloWorld-755ad787-a3c5-4b0e-a35a-651b2002059f]: Assigning socketPath: \\?\pipe\C:\Users\jccari\Desktop\code\FastFindUserApp\functions\16892 {"metadata":{"emulator":{"name":"functions"},"message":"[worker-helloWorld-755ad787-a3c5-4b0e-a35a-651b2002059f]: Assigning socketPath: \\\\?\\pipe\\C:\\Users\\jccari\\Desktop\\code\\FastFindUserApp\\functions\\16892"}}
[debug] [2020-07-19T22:16:23.323Z] [worker-helloWorld-755ad787-a3c5-4b0e-a35a-651b2002059f]: BUSY {"metadata":{"emulator":{"name":"functions"},"message":"[worker-helloWorld-755ad787-a3c5-4b0e-a35a-651b2002059f]: BUSY"}}
[debug] [2020-07-19T22:16:23.797Z] [runtime-status] [16892] Functions runtime initialized. {"cwd":"C:\\Users\\jccari\\Desktop\\code\\FastFindUserApp\\functions","node_version":"12.18.2"} {"metadata":{"emulator":{"name":"functions"},"function":{"name":"helloWorld"},"message":"[runtime-status] [16892] Functions runtime initialized. {\"cwd\":\"C:\\\\Users\\\\jccari\\\\Desktop\\\\code\\\\FastFindUserApp\\\\functions\",\"node_version\":\"12.18.2\"}"}}
[debug] [2020-07-19T22:16:23.798Z] [runtime-status] [16892] Disabled runtime features: undefined {"metadata":{"emulator":{"name":"functions"},"function":{"name":"helloWorld"},"message":"[runtime-status] [16892] Disabled runtime features: undefined"}}
[debug] [2020-07-19T22:16:23.805Z] [runtime-status] [16892] Resolved module firebase-admin {"declared":true,"installed":true,"version":"8.13.0","resolution":"C:\\Users\\jccari\\Desktop\\code\\FastFindUserApp\\functions\\node_modules\\firebase-admin\\lib\\index.js"} {"metadata":{"emulator":{"name":"functions"},"function":{"name":"helloWorld"},"message":"[runtime-status] [16892] Resolved module firebase-admin {\"declared\":true,\"installed\":true,\"version\":\"8.13.0\",\"resolution\":\"C:\\\\Users\\\\jccari\\\\Desktop\\\\code\\\\FastFindUserApp\\\\functions\\\\node_modules\\\\firebase-admin\\\\lib\\\\index.js\"}"}}
[debug] [2020-07-19T22:16:23.807Z] [runtime-status] [16892] Resolved module firebase-functions {"declared":true,"installed":true,"version":"3.8.0","resolution":"C:\\Users\\jccari\\Desktop\\code\\FastFindUserApp\\functions\\node_modules\\firebase-functions\\lib\\index.js"} {"metadata":{"emulator":{"name":"functions"},"function":{"name":"helloWorld"},"message":"[runtime-status] [16892] Resolved module firebase-functions {\"declared\":true,\"installed\":true,\"version\":\"3.8.0\",\"resolution\":\"C:\\\\Users\\\\jccari\\\\Desktop\\\\code\\\\FastFindUserApp\\\\functions\\\\node_modules\\\\firebase-functions\\\\lib\\\\index.js\"}"}}
[debug] [2020-07-19T22:16:23.808Z] [runtime-status] [16892] Resolved module firebase-functions {"declared":true,"installed":true,"version":"3.8.0","resolution":"C:\\Users\\jccari\\Desktop\\code\\FastFindUserApp\\functions\\node_modules\\firebase-functions\\lib\\index.js"} {"metadata":{"emulator":{"name":"functions"},"function":{"name":"helloWorld"},"message":"[runtime-status] [16892] Resolved module firebase-functions {\"declared\":true,\"installed\":true,\"version\":\"3.8.0\",\"resolution\":\"C:\\\\Users\\\\jccari\\\\Desktop\\\\code\\\\FastFindUserApp\\\\functions\\\\node_modules\\\\firebase-functions\\\\lib\\\\index.js\"}"}}
[debug] [2020-07-19T22:16:23.809Z] [runtime-status] [16892] Outgoing network have been stubbed. [{"name":"http","status":"mocked"},{"name":"http","status":"mocked"},{"name":"https","status":"mocked"},{"name":"https","status":"mocked"},{"name":"net","status":"mocked"}] {"metadata":{"emulator":{"name":"functions"},"function":{"name":"helloWorld"},"message":"[runtime-status] [16892] Outgoing network have been stubbed. [{\"name\":\"http\",\"status\":\"mocked\"},{\"name\":\"http\",\"status\":\"mocked\"},{\"name\":\"https\",\"status\":\"mocked\"},{\"name\":\"https\",\"status\":\"mocked\"},{\"name\":\"net\",\"status\":\"mocked\"}]"}}
[debug] [2020-07-19T22:16:23.810Z] [runtime-status] [16892] Resolved module firebase-functions {"declared":true,"installed":true,"version":"3.8.0","resolution":"C:\\Users\\jccari\\Desktop\\code\\FastFindUserApp\\functions\\node_modules\\firebase-functions\\lib\\index.js"} {"metadata":{"emulator":{"name":"functions"},"function":{"name":"helloWorld"},"message":"[runtime-status] [16892] Resolved module firebase-functions {\"declared\":true,\"installed\":true,\"version\":\"3.8.0\",\"resolution\":\"C:\\\\Users\\\\jccari\\\\Desktop\\\\code\\\\FastFindUserApp\\\\functions\\\\node_modules\\\\firebase-functions\\\\lib\\\\index.js\"}"}}
[debug] [2020-07-19T22:16:23.850Z] [runtime-status] [16892] Checked functions.config() {"config":{}} {"metadata":{"emulator":{"name":"functions"},"function":{"name":"helloWorld"},"message":"[runtime-status] [16892] Checked functions.config() {\"config\":{}}"}}
[debug] [2020-07-19T22:16:23.850Z] [runtime-status] [16892] firebase-functions has been stubbed. {"functionsResolution":{"declared":true,"installed":true,"version":"3.8.0","resolution":"C:\\Users\\jccari\\Desktop\\code\\FastFindUserApp\\functions\\node_modules\\firebase-functions\\lib\\index.js"}} {"metadata":{"emulator":{"name":"functions"},"function":{"name":"helloWorld"},"message":"[runtime-status] [16892] firebase-functions has been stubbed. {\"functionsResolution\":{\"declared\":true,\"installed\":true,\"version\":\"3.8.0\",\"resolution\":\"C:\\\\Users\\\\jccari\\\\Desktop\\\\code\\\\FastFindUserApp\\\\functions\\\\node_modules\\\\firebase-functions\\\\lib\\\\index.js\"}}"}}
[debug] [2020-07-19T22:16:23.851Z] [runtime-status] [16892] Resolved module firebase-functions {"declared":true,"installed":true,"version":"3.8.0","resolution":"C:\\Users\\jccari\\Desktop\\code\\FastFindUserApp\\functions\\node_modules\\firebase-functions\\lib\\index.js"} {"metadata":{"emulator":{"name":"functions"},"function":{"name":"helloWorld"},"message":"[runtime-status] [16892] Resolved module firebase-functions {\"declared\":true,\"installed\":true,\"version\":\"3.8.0\",\"resolution\":\"C:\\\\Users\\\\jccari\\\\Desktop\\\\code\\\\FastFindUserApp\\\\functions\\\\node_modules\\\\firebase-functions\\\\lib\\\\index.js\"}"}}
[debug] [2020-07-19T22:16:23.852Z] [runtime-status] [16892] Resolved module firebase-admin {"declared":true,"installed":true,"version":"8.13.0","resolution":"C:\\Users\\jccari\\Desktop\\code\\FastFindUserApp\\functions\\node_modules\\firebase-admin\\lib\\index.js"} {"metadata":{"emulator":{"name":"functions"},"function":{"name":"helloWorld"},"message":"[runtime-status] [16892] Resolved module firebase-admin {\"declared\":true,\"installed\":true,\"version\":\"8.13.0\",\"resolution\":\"C:\\\\Users\\\\jccari\\\\Desktop\\\\code\\\\FastFindUserApp\\\\functions\\\\node_modules\\\\firebase-admin\\\\lib\\\\index.js\"}"}}
[debug] [2020-07-19T22:16:23.853Z] [runtime-status] [16892] Resolved module firebase-functions {"declared":true,"installed":true,"version":"3.8.0","resolution":"C:\\Users\\jccari\\Desktop\\code\\FastFindUserApp\\functions\\node_modules\\firebase-functions\\lib\\index.js"} {"metadata":{"emulator":{"name":"functions"},"function":{"name":"helloWorld"},"message":"[runtime-status] [16892] Resolved module firebase-functions {\"declared\":true,\"installed\":true,\"version\":\"3.8.0\",\"resolution\":\"C:\\\\Users\\\\jccari\\\\Desktop\\\\code\\\\FastFindUserApp\\\\functions\\\\node_modules\\\\firebase-functions\\\\lib\\\\index.js\"}"}}
[debug] [2020-07-19T22:16:23.853Z] [runtime-status] [16892] firebase-admin has been stubbed. {"adminResolution":{"declared":true,"installed":true,"version":"8.13.0","resolution":"C:\\Users\\jccari\\Desktop\\code\\FastFindUserApp\\functions\\node_modules\\firebase-admin\\lib\\index.js"}} {"metadata":{"emulator":{"name":"functions"},"function":{"name":"helloWorld"},"message":"[runtime-status] [16892] firebase-admin has been stubbed. {\"adminResolution\":{\"declared\":true,\"installed\":true,\"version\":\"8.13.0\",\"resolution\":\"C:\\\\Users\\\\jccari\\\\Desktop\\\\code\\\\FastFindUserApp\\\\functions\\\\node_modules\\\\firebase-admin\\\\lib\\\\index.js\"}}"}}
[debug] [2020-07-19T22:16:23.855Z] [runtime-status] [16892] Trigger "helloWorld" has been found, beginning invocation! {"metadata":{"emulator":{"name":"functions"},"function":{"name":"helloWorld"},"message":"[runtime-status] [16892] Trigger \"helloWorld\" has been found, beginning invocation!"}}
[info] i  functions: Beginning execution of "helloWorld" {"metadata":{"emulator":{"name":"functions"},"function":{"name":"helloWorld"},"message":"Beginning execution of \"helloWorld\""}}
[debug] [2020-07-19T22:16:23.856Z] [runtime-status] [16892] triggerDefinition {"httpsTrigger":{},"name":"helloWorld","entryPoint":"helloWorld"} {"metadata":{"emulator":{"name":"functions"},"function":{"name":"helloWorld"},"message":"[runtime-status] [16892] triggerDefinition {\"httpsTrigger\":{},\"name\":\"helloWorld\",\"entryPoint\":\"helloWorld\"}"}}
[debug] [2020-07-19T22:16:23.856Z] [runtime-status] [16892] Running helloWorld in mode HTTPS {"metadata":{"emulator":{"name":"functions"},"function":{"name":"helloWorld"},"message":"[runtime-status] [16892] Running helloWorld in mode HTTPS"}}
[debug] [2020-07-19T22:16:23.859Z] [runtime-status] [16892] Attempting to listen to socketPath: \\?\pipe\C:\Users\jccari\Desktop\code\FastFindUserApp\functions\16892 {"metadata":{"emulator":{"name":"functions"},"function":{"name":"helloWorld"},"message":"[runtime-status] [16892] Attempting to listen to socketPath: \\\\?\\pipe\\C:\\Users\\jccari\\Desktop\\code\\FastFindUserApp\\functions\\16892"}}
[debug] [2020-07-19T22:16:23.861Z] [functions] Runtime ready! Sending request! {"metadata":{"emulator":{"name":"functions"},"message":"[functions] Runtime ready! Sending request!"}}
[debug] [2020-07-19T22:16:23.866Z] [runtime-status] [16892] Ephemeral server handling GET request {"metadata":{"emulator":{"name":"functions"},"function":{"name":"helloWorld"},"message":"[runtime-status] [16892] Ephemeral server handling GET request"}}
[info] >  {"structuredData":true,"severity":"INFO","message":"Hello logs!"} {"user":{"structuredData":true,"severity":"INFO","message":"Hello logs!"},"metadata":{"emulator":{"name":"functions"},"function":{"name":"helloWorld"},"message":"\u001b[90m> \u001b[39m {\"structuredData\":true,\"severity\":\"INFO\",\"message\":\"Hello logs!\"}"}}
[debug] [2020-07-19T22:16:23.872Z] [runtime-status] [16892] Ephemeral server survived. {"metadata":{"emulator":{"name":"functions"},"function":{"name":"helloWorld"},"message":"[runtime-status] [16892] Ephemeral server survived."}}
[info] i  functions: Finished "helloWorld" in ~1s {"metadata":{"emulator":{"name":"functions"},"function":{"name":"helloWorld"},"message":"Finished \"helloWorld\" in ~1s"}}
[debug] [2020-07-19T22:16:23.874Z] [worker-helloWorld-755ad787-a3c5-4b0e-a35a-651b2002059f]: IDLE {"metadata":{"emulator":{"name":"functions"},"message":"[worker-helloWorld-755ad787-a3c5-4b0e-a35a-651b2002059f]: IDLE"}}
[debug] [2020-07-19T22:16:23.874Z] [work-queue] {"queueLength":0,"workRunningCount":0}
